Сборка начата 04.04.2024 18:29:01.
Уровень детализации журнала: Normal.     1>Проект "C:\Users\qdenni\OneDrive\Рабочий стол\OAP_2_sem\lab13\lab13\lab13.vcxproj" в узле 2 (целевые объекты Build).
     1>InitializeBuildStatus:
         Создание "x64\Debug\lab13.tlog\unsuccessfulbuild", так как было задано "AlwaysCreate".
         Обращение к "x64\Debug\lab13.tlog\unsuccessfulbuild".
       ClCompile:
         C:\Program Files\Microsoft Visual Studio\2022\Community\VC\Tools\MSVC\14.37.32822\bin\HostX64\x64\CL.exe /c /ZI /JMC /nologo /W3 /WX- /diagnostics:column /sdl /Od /D _DEBUG /D _CONSOLE /D _UNICODE /D UNICODE /Gm- /EHsc /RTC1 /MDd /GS /fp:precise /Zc:wchar_t /Zc:forScope /Zc:inline /permissive- /Fo"x64\Debug\\" /Fd"x64\Debug\vc143.pdb" /external:W3 /Gd /TP /FC /errorReport:prompt 2.cpp
         2.cpp
     1>C:\Users\qdenni\OneDrive\Рабочий стол\OAP_2_sem\lab13\lab13\2.cpp(50,19): warning C4244: аргумент: преобразование "time_t" в "unsigned int", возможна потеря данных
       Link:
         C:\Program Files\Microsoft Visual Studio\2022\Community\VC\Tools\MSVC\14.37.32822\bin\HostX64\x64\link.exe /ERRORREPORT:PROMPT /OUT:"C:\Users\qdenni\OneDrive\Рабочий стол\OAP_2_sem\lab13\x64\Debug\lab13.exe" /INCREMENTAL /ILK:"x64\Debug\lab13.ilk" /NOLOGO kernel32.lib user32.lib gdi32.lib winspool.lib comdlg32.lib advapi32.lib shell32.lib ole32.lib oleaut32.lib uuid.lib odbc32.lib odbccp32.lib /MANIFEST /MANIFESTUAC:"level='asInvoker' uiAccess='false'" /manifest:embed /DEBUG /PDB:"C:\Users\qdenni\OneDrive\Рабочий стол\OAP_2_sem\lab13\x64\Debug\lab13.pdb" /SUBSYSTEM:CONSOLE /TLBID:1 /DYNAMICBASE /NXCOMPAT /IMPLIB:"C:\Users\qdenni\OneDrive\Рабочий стол\OAP_2_sem\lab13\x64\Debug\lab13.lib" /MACHINE:X64 x64\Debug\2.obj
         lab13.vcxproj -> C:\Users\qdenni\OneDrive\Рабочий стол\OAP_2_sem\lab13\x64\Debug\lab13.exe
       TlogCleanup:
         Следующие элементы будут удалены из tlogs, так как они были удалены из проекта или сборки: C:\Users\qdenni\OneDrive\Рабочий стол\OAP_2_sem\lab13\lab13\12.cpp.
       FinalizeBuildStatus:
         Файл "x64\Debug\lab13.tlog\unsuccessfulbuild" удаляется.
         Обращение к "x64\Debug\lab13.tlog\lab13.lastbuildstate".
     1>Сборка проекта "C:\Users\qdenni\OneDrive\Рабочий стол\OAP_2_sem\lab13\lab13\lab13.vcxproj" завершена (целевые объекты Build).

Сборка успешно завершена.

       "C:\Users\qdenni\OneDrive\Рабочий стол\OAP_2_sem\lab13\lab13\lab13.vcxproj" (целевой объект Build ) (1) ->
       (Целевой объект ClCompile) -> 
         C:\Users\qdenni\OneDrive\Рабочий стол\OAP_2_sem\lab13\lab13\2.cpp(50,19): warning C4244: аргумент: преобразование "time_t" в "unsigned int", возможна потеря данных

    Предупреждений: 1
    Ошибок: 0

Прошло времени 00:00:01.84
